Build started 5/20/2011 2:37:05 PM.
     1>Project "C:\Users\Daniel\Documents\Visual Studio 2010\Rout\Rout Solution\Rout\Rout\Rout.vcxproj" on node 2 (build target(s)).
     1>InitializeBuildStatus:
         Touching "Release\Rout.unsuccessfulbuild".
       ClCompile:
         C:\Program Files (x86)\Microsoft Visual Studio 10.0\VC\bin\CL.exe /c /Zi /nologo /W3 /WX- /O2 /Oi /Oy- /D _UNICODE /D UNICODE /Gm- /EHsc /MD /GS /Gy /fp:precise /Zc:wchar_t /Zc:forScope /Fo"Release\\" /Fd"Release\vc100.pdb" /Gd /TP /analyze- /errorReport:prompt AudioManager.cpp Bonewheel.cpp BoxEntity.cpp Camera.cpp Collider.cpp CollisionEntity.cpp DeathScreen.cpp Door.cpp dxManager.cpp Eater.cpp EmptyTile.cpp Enemy.cpp EntityManager.cpp Faded.cpp FullTile.cpp GameEntity2D.cpp GameEntity3D.cpp GameMenu.cpp Key.cpp LevelManager.cpp Main.cpp MenuButton.cpp MovableEntity.cpp Node.cpp Particle.cpp Phylactery.cpp Player.cpp SelectButton.cpp Slider.cpp StateManager.cpp TextField.cpp Torch.cpp WinScreen.cpp
         AudioManager.cpp
     1>c:\users\daniel\documents\visual studio 2010\rout\rout solution\rout\rout\AudioManager.h(13): fatal error C1083: Cannot open include file: 'D3DX10Math.h': No such file or directory
         Bonewheel.cpp
     1>c:\users\daniel\documents\visual studio 2010\rout\rout solution\rout\rout\MovableEntity.h(2): fatal error C1083: Cannot open include file: 'D3DX10.h': No such file or directory
         BoxEntity.cpp
     1>c:\users\daniel\documents\visual studio 2010\rout\rout solution\rout\rout\d3dUtil.h(30): fatal error C1083: Cannot open include file: 'd3dx10.h': No such file or directory
         Camera.cpp
     1>c:\users\daniel\documents\visual studio 2010\rout\rout solution\rout\rout\d3dUtil.h(30): fatal error C1083: Cannot open include file: 'd3dx10.h': No such file or directory
         Collider.cpp
     1>c:\users\daniel\documents\visual studio 2010\rout\rout solution\rout\rout\d3dUtil.h(30): fatal error C1083: Cannot open include file: 'd3dx10.h': No such file or directory
         CollisionEntity.cpp
     1>c:\users\daniel\documents\visual studio 2010\rout\rout solution\rout\rout\d3dUtil.h(30): fatal error C1083: Cannot open include file: 'd3dx10.h': No such file or directory
         DeathScreen.cpp
     1>c:\users\daniel\documents\visual studio 2010\rout\rout solution\rout\rout\GameEntity2D.h(3): fatal error C1083: Cannot open include file: 'd3dx10.h': No such file or directory
         Door.cpp
     1>c:\users\daniel\documents\visual studio 2010\rout\rout solution\rout\rout\d3dUtil.h(30): fatal error C1083: Cannot open include file: 'd3dx10.h': No such file or directory
         dxManager.cpp
     1>c:\users\daniel\documents\visual studio 2010\rout\rout solution\rout\rout\dxManager.h(18): fatal error C1083: Cannot open include file: 'd3dx10.h': No such file or directory
         Eater.cpp
     1>c:\users\daniel\documents\visual studio 2010\rout\rout solution\rout\rout\MovableEntity.h(2): fatal error C1083: Cannot open include file: 'D3DX10.h': No such file or directory
         EmptyTile.cpp
     1>c:\users\daniel\documents\visual studio 2010\rout\rout solution\rout\rout\d3dUtil.h(30): fatal error C1083: Cannot open include file: 'd3dx10.h': No such file or directory
         Enemy.cpp
     1>c:\users\daniel\documents\visual studio 2010\rout\rout solution\rout\rout\MovableEntity.h(2): fatal error C1083: Cannot open include file: 'D3DX10.h': No such file or directory
         EntityManager.cpp
     1>c:\users\daniel\documents\visual studio 2010\rout\rout solution\rout\rout\GameEntity2D.h(3): fatal error C1083: Cannot open include file: 'd3dx10.h': No such file or directory
         Faded.cpp
     1>c:\users\daniel\documents\visual studio 2010\rout\rout solution\rout\rout\MovableEntity.h(2): fatal error C1083: Cannot open include file: 'D3DX10.h': No such file or directory
         FullTile.cpp
     1>c:\users\daniel\documents\visual studio 2010\rout\rout solution\rout\rout\d3dUtil.h(30): fatal error C1083: Cannot open include file: 'd3dx10.h': No such file or directory
         GameEntity2D.cpp
     1>c:\users\daniel\documents\visual studio 2010\rout\rout solution\rout\rout\GameEntity2D.h(3): fatal error C1083: Cannot open include file: 'd3dx10.h': No such file or directory
         GameEntity3D.cpp
     1>c:\users\daniel\documents\visual studio 2010\rout\rout solution\rout\rout\d3dUtil.h(30): fatal error C1083: Cannot open include file: 'd3dx10.h': No such file or directory
         GameMenu.cpp
     1>c:\users\daniel\documents\visual studio 2010\rout\rout solution\rout\rout\GameEntity2D.h(3): fatal error C1083: Cannot open include file: 'd3dx10.h': No such file or directory
         Key.cpp
     1>c:\users\daniel\documents\visual studio 2010\rout\rout solution\rout\rout\d3dUtil.h(30): fatal error C1083: Cannot open include file: 'd3dx10.h': No such file or directory
         LevelManager.cpp
     1>c:\users\daniel\documents\visual studio 2010\rout\rout solution\rout\rout\d3dUtil.h(30): fatal error C1083: Cannot open include file: 'd3dx10.h': No such file or directory
         Generating Code...
         Compiling...
         Main.cpp
     1>c:\users\daniel\documents\visual studio 2010\rout\rout solution\rout\rout\dxManager.h(18): fatal error C1083: Cannot open include file: 'd3dx10.h': No such file or directory
         MenuButton.cpp
     1>c:\users\daniel\documents\visual studio 2010\rout\rout solution\rout\rout\GameEntity2D.h(3): fatal error C1083: Cannot open include file: 'd3dx10.h': No such file or directory
         MovableEntity.cpp
     1>c:\users\daniel\documents\visual studio 2010\rout\rout solution\rout\rout\MovableEntity.h(2): fatal error C1083: Cannot open include file: 'D3DX10.h': No such file or directory
         Node.cpp
     1>c:\users\daniel\documents\visual studio 2010\rout\rout solution\rout\rout\d3dUtil.h(30): fatal error C1083: Cannot open include file: 'd3dx10.h': No such file or directory
         Particle.cpp
     1>c:\users\daniel\documents\visual studio 2010\rout\rout solution\rout\rout\d3dUtil.h(30): fatal error C1083: Cannot open include file: 'd3dx10.h': No such file or directory
         Phylactery.cpp
     1>c:\users\daniel\documents\visual studio 2010\rout\rout solution\rout\rout\d3dUtil.h(30): fatal error C1083: Cannot open include file: 'd3dx10.h': No such file or directory
         Player.cpp
     1>c:\users\daniel\documents\visual studio 2010\rout\rout solution\rout\rout\MovableEntity.h(2): fatal error C1083: Cannot open include file: 'D3DX10.h': No such file or directory
         SelectButton.cpp
     1>c:\users\daniel\documents\visual studio 2010\rout\rout solution\rout\rout\GameEntity2D.h(3): fatal error C1083: Cannot open include file: 'd3dx10.h': No such file or directory
         Slider.cpp
     1>c:\users\daniel\documents\visual studio 2010\rout\rout solution\rout\rout\GameEntity2D.h(3): fatal error C1083: Cannot open include file: 'd3dx10.h': No such file or directory
         StateManager.cpp
     1>c:\users\daniel\documents\visual studio 2010\rout\rout solution\rout\rout\GameEntity2D.h(3): fatal error C1083: Cannot open include file: 'd3dx10.h': No such file or directory
         TextField.cpp
     1>c:\users\daniel\documents\visual studio 2010\rout\rout solution\rout\rout\GameEntity2D.h(3): fatal error C1083: Cannot open include file: 'd3dx10.h': No such file or directory
         Torch.cpp
     1>c:\users\daniel\documents\visual studio 2010\rout\rout solution\rout\rout\d3dUtil.h(30): fatal error C1083: Cannot open include file: 'd3dx10.h': No such file or directory
         WinScreen.cpp
     1>c:\users\daniel\documents\visual studio 2010\rout\rout solution\rout\rout\GameEntity2D.h(3): fatal error C1083: Cannot open include file: 'd3dx10.h': No such file or directory
         Generating Code...
     1>Done Building Project "C:\Users\Daniel\Documents\Visual Studio 2010\Rout\Rout Solution\Rout\Rout\Rout.vcxproj" (build target(s)) -- FAILED.

Build FAILED.

Time Elapsed 00:00:08.76
